<?xml version="1.0" encoding="UTF-8"?>
<!-- Generated by org.testng.reporters.JUnitXMLReporter -->
<testsuite hostname="RAM-PC" ignored="0" name="Test" tests="1" failures="0" timestamp="17 Feb 2020 05:53:30 GMT" time="0.184" errors="0">
  <testcase name="@BeforeMethod getBrowser" time="0.0" classname="testBase.TestBase">
    <failure type="org.testng.TestNGException" message="
Parameter &amp;apos;myBrowser&amp;apos; is required by BeforeMethod on method getBrowser but has not been marked @Optional or defined
in C:\Users\ramchennale\git\projects\parrallel_testing\testng.xml">
      <![CDATA[org.testng.TestNGException: 
Parameter 'myBrowser' is required by BeforeMethod on method getBrowser but has not been marked @Optional or defined
in C:\Users\ramchennale\git\projects\parrallel_testing\testng.xml
at java.util.concurrent.FutureTask.run(FutureTask.java:266)
at java.util.concurrent.ThreadPoolExecutor.runWorker(ThreadPoolExecutor.java:1142)
at java.util.concurrent.ThreadPoolExecutor$Worker.run(ThreadPoolExecutor.java:617)
at java.lang.Thread.run(Thread.java:745)
... Removed 16 stack frames]]>
    </failure>
  </testcase> <!-- @BeforeMethod getBrowser -->
  <testcase name="@AfterClass tearDown" time="0.0" classname="testBase.TestBase">
    <skipped/>
  </testcase> <!-- @AfterClass tearDown -->
  <testcase name="verifyParallelTesting" time="0.0" classname="testScript.ParallelTest">
    <skipped/>
  </testcase> <!-- verifyParallelTesting -->
</testsuite> <!-- Test -->
