<?xml version="1.0" encoding="UTF-8"?>
<testng-results skipped="1" failed="0" ignored="0" total="1" passed="0">
  <reporter-output>
  </reporter-output>
  <suite name="Suite" duration-ms="184" started-at="2020-02-17T05:53:30Z" finished-at="2020-02-17T05:53:30Z">
    <groups>
    </groups>
    <test name="Test" duration-ms="184" started-at="2020-02-17T05:53:30Z" finished-at="2020-02-17T05:53:30Z">
      <class name="testScript.ParallelTest">
        <test-method status="FAIL" signature="getBrowser(java.lang.String)[pri:0, instance:testScript.ParallelTest@5f9d02cb]" name="getBrowser" is-config="true" duration-ms="0" started-at="2020-02-17T05:53:30Z" finished-at="2020-02-17T05:53:30Z">
          <exception class="org.testng.TestNGException">
            <message>
              <![CDATA[
Parameter 'myBrowser' is required by BeforeMethod on method getBrowser but has not been marked @Optional or defined
in C:\Users\ramchennale\git\projects\parrallel_testing\testng.xml]]>
            </message>
            <full-stacktrace>
              <![CDATA[org.testng.TestNGException: 
Parameter 'myBrowser' is required by BeforeMethod on method getBrowser but has not been marked @Optional or defined
in C:\Users\ramchennale\git\projects\parrallel_testing\testng.xml
at org.testng.internal.Parameters.createParams(Parameters.java:290)
at org.testng.internal.Parameters.createParametersForMethod(Parameters.java:359)
at org.testng.internal.Parameters.createParameters(Parameters.java:620)
at org.testng.internal.Parameters.createConfigurationParameters(Parameters.java:190)
at org.testng.internal.Invoker.invokeConfigurations(Invoker.java:209)
at org.testng.internal.Invoker.invokeMethod(Invoker.java:523)
at org.testng.internal.Invoker.invokeTestMethod(Invoker.java:719)
at org.testng.internal.Invoker.invokeTestMethods(Invoker.java:989)
at org.testng.internal.TestMethodWorker.invokeTestMethods(TestMethodWorker.java:125)
at org.testng.internal.TestMethodWorker.run(TestMethodWorker.java:109)
at org.testng.TestRunner.privateRun(TestRunner.java:648)
at org.testng.TestRunner.run(TestRunner.java:505)
at org.testng.SuiteRunner.runTest(SuiteRunner.java:455)
at org.testng.SuiteRunner.access$000(SuiteRunner.java:40)
at org.testng.SuiteRunner$SuiteWorker.run(SuiteRunner.java:489)
at org.testng.internal.thread.ThreadUtil$1.call(ThreadUtil.java:52)
at java.util.concurrent.FutureTask.run(FutureTask.java:266)
at java.util.concurrent.ThreadPoolExecutor.runWorker(ThreadPoolExecutor.java:1142)
at java.util.concurrent.ThreadPoolExecutor$Worker.run(ThreadPoolExecutor.java:617)
at java.lang.Thread.run(Thread.java:745)
]]>
            </full-stacktrace>
          </exception> <!-- org.testng.TestNGException -->
          <reporter-output>
          </reporter-output>
        </test-method> <!-- getBrowser -->
        <test-method status="SKIP" signature="verifyParallelTesting()[pri:0, instance:testScript.ParallelTest@5f9d02cb]" name="verifyParallelTesting" duration-ms="0" started-at="2020-02-17T05:53:30Z" finished-at="2020-02-17T05:53:30Z">
          <exception class="org.testng.TestNGException">
            <message>
              <![CDATA[
Parameter 'myBrowser' is required by BeforeMethod on method getBrowser but has not been marked @Optional or defined
in C:\Users\ramchennale\git\projects\parrallel_testing\testng.xml]]>
            </message>
            <full-stacktrace>
              <![CDATA[org.testng.TestNGException: 
Parameter 'myBrowser' is required by BeforeMethod on method getBrowser but has not been marked @Optional or defined
in C:\Users\ramchennale\git\projects\parrallel_testing\testng.xml
at org.testng.internal.Parameters.createParams(Parameters.java:290)
at org.testng.internal.Parameters.createParametersForMethod(Parameters.java:359)
at org.testng.internal.Parameters.createParameters(Parameters.java:620)
at org.testng.internal.Parameters.createConfigurationParameters(Parameters.java:190)
at org.testng.internal.Invoker.invokeConfigurations(Invoker.java:209)
at org.testng.internal.Invoker.invokeMethod(Invoker.java:523)
at org.testng.internal.Invoker.invokeTestMethod(Invoker.java:719)
at org.testng.internal.Invoker.invokeTestMethods(Invoker.java:989)
at org.testng.internal.TestMethodWorker.invokeTestMethods(TestMethodWorker.java:125)
at org.testng.internal.TestMethodWorker.run(TestMethodWorker.java:109)
at org.testng.TestRunner.privateRun(TestRunner.java:648)
at org.testng.TestRunner.run(TestRunner.java:505)
at org.testng.SuiteRunner.runTest(SuiteRunner.java:455)
at org.testng.SuiteRunner.access$000(SuiteRunner.java:40)
at org.testng.SuiteRunner$SuiteWorker.run(SuiteRunner.java:489)
at org.testng.internal.thread.ThreadUtil$1.call(ThreadUtil.java:52)
at java.util.concurrent.FutureTask.run(FutureTask.java:266)
at java.util.concurrent.ThreadPoolExecutor.runWorker(ThreadPoolExecutor.java:1142)
at java.util.concurrent.ThreadPoolExecutor$Worker.run(ThreadPoolExecutor.java:617)
at java.lang.Thread.run(Thread.java:745)
]]>
            </full-stacktrace>
          </exception> <!-- org.testng.TestNGException -->
          <reporter-output>
          </reporter-output>
        </test-method> <!-- verifyParallelTesting -->
        <test-method status="SKIP" signature="tearDown()[pri:0, instance:testScript.ParallelTest@5f9d02cb]" name="tearDown" is-config="true" duration-ms="0" started-at="2020-02-17T05:53:30Z" finished-at="2020-02-17T05:53:30Z">
          <reporter-output>
          </reporter-output>
        </test-method> <!-- tearDown -->
      </class> <!-- testScript.ParallelTest -->
    </test> <!-- Test -->
  </suite> <!-- Suite -->
</testng-results>
